<?xml version="1.0" encoding="UTF-8"?>
<!-- Generated by org.testng.reporters.JUnitReportReporter -->
<testsuite hostname="Miftah.local" failures="0" tests="1" name="testPractice.Day2" time="0.002" errors="0" timestamp="25 Jul 2020 03:58:20 GMT" skipped="0">
  <testcase classname="testPractice.Day2" name="pLoan" time="0.002"/>
</testsuite> <!-- testPractice.Day2 -->
