<?xml version="1.0" encoding="UTF-8"?>
<!-- Generated by org.testng.reporters.JUnitReportReporter -->
<testsuite hostname="Miftah.local" failures="0" tests="2" name="com.test.ExceptionTimeOutTest" time="0.016" errors="0" timestamp="2020-07-26T23:50:14 EDT" skipped="0">
  <testcase classname="com.test.ExceptionTimeOutTest" name="test2" time="0.005"/>
  <system-out/>
  <testcase classname="com.test.ExceptionTimeOutTest" name="test1" time="0.011"/>
  <system-out/>
</testsuite> <!-- com.test.ExceptionTimeOutTest -->
