<?xml version="1.0" encoding="UTF-8"?>
<!-- Generated by org.testng.reporters.JUnitReportReporter -->
<testsuite hostname="Miftah.local" failures="0" tests="1" name="com.test.GoogleTitleTest" time="4.680" errors="0" timestamp="2020-07-27T00:02:35 EDT" skipped="0">
  <testcase classname="com.test.GoogleTitleTest" name="googleTitleTest" time="4.680"/>
  <system-out/>
</testsuite> <!-- com.test.GoogleTitleTest -->
