<?xml version="1.0" encoding="UTF-8"?>
<!-- Generated by org.testng.reporters.JUnitReportReporter -->
<testsuite hostname="Miftah.local" failures="0" tests="5" name="com.test.InvocationCountTest" time="0.028" errors="0" timestamp="2020-07-26T23:35:53 EDT" skipped="0">
  <testcase classname="com.test.InvocationCountTest" name="sum" time="0.015"/>
  <system-out/>
  <testcase classname="com.test.InvocationCountTest" name="sum" time="0.003"/>
  <system-out/>
  <testcase classname="com.test.InvocationCountTest" name="sum" time="0.004"/>
  <system-out/>
  <testcase classname="com.test.InvocationCountTest" name="sum" time="0.004"/>
  <system-out/>
  <testcase classname="com.test.InvocationCountTest" name="sum" time="0.002"/>
  <system-out/>
</testsuite> <!-- com.test.InvocationCountTest -->
