<?xml version="1.0" encoding="UTF-8"?>
<!-- Generated by org.testng.reporters.JUnitReportReporter -->
<testsuite hostname="Miftah.local" failures="0" tests="2" name="com.test.Assertion" time="10.383" errors="0" timestamp="2020-07-27T00:09:33 EDT" skipped="0">
  <testcase classname="com.test.Assertion" name="googleTitleTest" time="5.509"/>
  <system-out/>
  <testcase classname="com.test.Assertion" name="googleLogoTest" time="4.874"/>
  <system-out/>
</testsuite> <!-- com.test.Assertion -->
