<?xml version="1.0" encoding="UTF-8"?>
<!-- Generated by org.testng.reporters.JUnitReportReporter -->
<testsuite hostname="Miftah.local" failures="0" tests="2" name="testPractice.Day1" time="0.019" errors="0" timestamp="25 Jul 2020 03:58:20 GMT" skipped="1">
  <testcase classname="testPractice.Day1" name="SecondTest" time="0.019"/>
  <testcase classname="testPractice.Day1" name="demo">
    <skipped/>
  </testcase> <!-- demo -->
</testsuite> <!-- testPractice.Day1 -->
