<?xml version="1.0" encoding="UTF-8"?>
<!-- Generated by org.testng.reporters.JUnitReportReporter -->
<testsuite hostname="Miftah.local" failures="0" tests="3" name="com.test.TestNGBasics" time="0.028" errors="0" timestamp="2020-07-26T22:20:20 EDT" skipped="0">
  <testcase classname="com.test.TestNGBasics" name="googleLogoTest" time="0.013"/>
  <system-out/>
  <testcase classname="com.test.TestNGBasics" name="searchText" time="0.008"/>
  <system-out/>
  <testcase classname="com.test.TestNGBasics" name="googleTitleText" time="0.007"/>
  <system-out/>
</testsuite> <!-- com.test.TestNGBasics -->
