<?xml version="1.0" encoding="UTF-8"?>
<!-- Generated by org.testng.reporters.JUnitReportReporter -->
<testsuite hostname="Miftah.local" failures="0" tests="8" name="com.datadriven.test.HalfEbayTestWithDataProvider" time="44.982" errors="0" timestamp="2020-07-27T17:41:23 EDT" skipped="0">
  <testcase classname="com.datadriven.test.HalfEbayTestWithDataProvider" name="halfEbayRegPageTest" time="4.203"/>
  <system-out/>
  <testcase classname="com.datadriven.test.HalfEbayTestWithDataProvider" name="halfEbayRegPageTest" time="8.203"/>
  <system-out/>
  <testcase classname="com.datadriven.test.HalfEbayTestWithDataProvider" name="halfEbayRegPageTest" time="9.132"/>
  <system-out/>
  <testcase classname="com.datadriven.test.HalfEbayTestWithDataProvider" name="halfEbayRegPageTest" time="5.240"/>
  <system-out/>
  <testcase classname="com.datadriven.test.HalfEbayTestWithDataProvider" name="halfEbayRegPageTest" time="4.948"/>
  <system-out/>
  <testcase classname="com.datadriven.test.HalfEbayTestWithDataProvider" name="halfEbayRegPageTest" time="4.086"/>
  <system-out/>
  <testcase classname="com.datadriven.test.HalfEbayTestWithDataProvider" name="halfEbayRegPageTest" time="4.678"/>
  <system-out/>
  <testcase classname="com.datadriven.test.HalfEbayTestWithDataProvider" name="halfEbayRegPageTest" time="4.492"/>
  <system-out/>
</testsuite> <!-- com.datadriven.test.HalfEbayTestWithDataProvider -->
