<?xml version="1.0" encoding="UTF-8"?>
<!-- Generated by org.testng.reporters.JUnitReportReporter -->
<testsuite hostname="Miftah.local" failures="0" tests="3" name="testPractice.Day4" time="0.012" errors="0" timestamp="25 Jul 2020 03:58:20 GMT" skipped="0">
  <testcase classname="testPractice.Day4" name="loginAPIHomeLoan" time="0.003"/>
  <testcase classname="testPractice.Day4" name="mobileLoginHomeLoan" time="0.004"/>
  <testcase classname="testPractice.Day4" name="webLoginHomeLoan" time="0.005"/>
</testsuite> <!-- testPractice.Day4 -->
