<?xml version="1.0" encoding="UTF-8"?>
<!-- Generated by org.testng.reporters.JUnitReportReporter -->
<testsuite hostname="Miftah.local" failures="0" tests="3" name="testPractice.Day3" time="0.021" errors="0" timestamp="25 Jul 2020 03:58:20 GMT" skipped="0">
  <testcase classname="testPractice.Day3" name="mobileLoginCarLoan" time="0.002"/>
  <testcase classname="testPractice.Day3" name="loginAPICarLoan" time="0.010"/>
  <testcase classname="testPractice.Day3" name="webLoginCarLoan" time="0.009"/>
</testsuite> <!-- testPractice.Day3 -->
